<?xml version="1.0" encoding="UTF-8"?>
<!-- Generated by org.testng.reporters.JUnitXMLReporter -->
<testsuite ignored="0" hostname="Rohit_kumar" failures="0" tests="8" name="Alert Page test" time="14.079" errors="0" timestamp="2024-06-25T23:57:39 IST">
  <testcase classname="TestPakage.AlertPageTest" name="click_on_close" time="2.081"/>
  <testcase classname="TestPakage.AlertPageTest" name="click_on_practice" time="1.97"/>
  <testcase classname="TestPakage.AlertPageTest" name="Click_on_AlertFrameWindows" time="0.186"/>
  <testcase classname="TestPakage.AlertPageTest" name="Click_On_Alert" time="0.706"/>
  <testcase classname="TestPakage.AlertPageTest" name="Click_on_SeeAlert" time="0.149"/>
  <testcase classname="TestPakage.AlertPageTest" name="Click_On_5Sec" time="5.114"/>
  <testcase classname="TestPakage.AlertPageTest" name="Click_On_ConfirmBox" time="0.087"/>
  <testcase classname="TestPakage.AlertPageTest" name="Click_On_PromteBox" time="0.107"/>
</testsuite> <!-- Alert Page test -->
