<?xml version="1.0" encoding="UTF-8"?>
<!-- Generated by org.testng.reporters.JUnitXMLReporter -->
<testsuite ignored="0" hostname="Rohit_kumar" failures="0" tests="7" name="Browser Windows Page test" time="38.657" errors="0" timestamp="2024-06-25T23:45:51 IST">
  <testcase classname="TestPakage.BrowserWindowsPageTest" name="click_on_close" time="0.151"/>
  <testcase classname="TestPakage.BrowserWindowsPageTest" name="click_on_practice" time="1.867"/>
  <testcase classname="TestPakage.BrowserWindowsPageTest" name="Click_on_AlertFrameWindows" time="0.171"/>
  <testcase classname="TestPakage.BrowserWindowsPageTest" name="Click_On_Browser_Windows" time="0.081"/>
  <testcase classname="TestPakage.BrowserWindowsPageTest" name="Click_On_NewTab" time="21.516"/>
  <testcase classname="TestPakage.BrowserWindowsPageTest" name="Click_On_NewWindows" time="0.374"/>
  <testcase classname="TestPakage.BrowserWindowsPageTest" name="Click_On_New_Windows_Message" time="10.268"/>
</testsuite> <!-- Browser Windows Page test -->
