<?xml version="1.0" encoding="UTF-8"?>
<!-- Generated by org.testng.reporters.JUnitXMLReporter -->
<testsuite ignored="0" hostname="Rohit_kumar" failures="0" tests="5" name="Button Page test" time="11.099" errors="0" timestamp="2024-06-25T23:05:30 IST">
  <testcase classname="TestPakage.LinkPageTest" name="click_on_close" time="0.102"/>
  <testcase classname="TestPakage.LinkPageTest" name="click_on_practice" time="1.879"/>
  <testcase classname="TestPakage.LinkPageTest" name="click_on_element" time="0.09"/>
  <testcase classname="TestPakage.LinkPageTest" name="click_on_links" time="3.122"/>
  <testcase classname="TestPakage.LinkPageTest" name="Click_On_DemoPage" time="2.283"/>
</testsuite> <!-- Button Page test -->
