<?xml version="1.0" encoding="UTF-8"?>
<!-- Generated by org.testng.reporters.JUnitXMLReporter -->
<testsuite ignored="0" hostname="Rohit_kumar" failures="0" tests="5" name="Check Box Page test" time="16.7" errors="0" timestamp="2024-06-25T17:18:33 IST">
  <testcase classname="TestPakage.CheckBoxPageTest" name="click_on_close" time="5.119"/>
  <testcase classname="TestPakage.CheckBoxPageTest" name="click_on_practice" time="2.497"/>
  <testcase classname="TestPakage.CheckBoxPageTest" name="click_on_element" time="5.093"/>
  <testcase classname="TestPakage.CheckBoxPageTest" name="click_on_check_box" time="0.09"/>
  <testcase classname="TestPakage.CheckBoxPageTest" name="Validate_Check_box" time="0.576"/>
</testsuite> <!-- Check Box Page test -->
