<?xml version="1.0" encoding="UTF-8"?>
<!-- Generated by org.testng.reporters.JUnitXMLReporter -->
<testsuite ignored="0" hostname="Rohit_kumar" failures="0" tests="5" name="Frame Page test" time="13.364" errors="0" timestamp="2024-09-17T12:08:11 IST">
  <testcase classname="TestPakage.FramePageTest" name="click_on_close" time="2.115"/>
  <testcase classname="TestPakage.FramePageTest" name="click_on_practice" time="1.551"/>
  <testcase classname="TestPakage.FramePageTest" name="Click_on_AlertFrameWindows" time="0.144"/>
  <testcase classname="TestPakage.FramePageTest" name="Frame" time="3.092"/>
  <testcase classname="TestPakage.FramePageTest" name="Move_Small_To_BigFrame" time="0.148"/>
</testsuite> <!-- Frame Page test -->
