<?xml version="1.0" encoding="UTF-8"?>
<!-- Generated by org.testng.reporters.JUnitXMLReporter -->
<testsuite ignored="0" hostname="Rohit_kumar" failures="0" tests="5" name="Link Page test" time="14.734" errors="0" timestamp="2024-07-04T15:01:28 IST">
  <testcase classname="TestPakage.LinkPageTest" name="click_on_close" time="3.122"/>
  <testcase classname="TestPakage.LinkPageTest" name="click_on_practice" time="1.818"/>
  <testcase classname="TestPakage.LinkPageTest" name="click_on_element" time="0.069"/>
  <testcase classname="TestPakage.LinkPageTest" name="click_on_links" time="3.102"/>
  <testcase classname="TestPakage.LinkPageTest" name="Click_On_DemoPage" time="2.254"/>
</testsuite> <!-- Link Page test -->
