<?xml version="1.0" encoding="UTF-8"?>
<!-- Generated by org.testng.reporters.JUnitXMLReporter -->
<testsuite ignored="0" hostname="Rohit_kumar" failures="0" tests="5" name="Nasted Frame Page test" time="10.897" errors="0" timestamp="2024-06-25T23:35:42 IST">
  <testcase classname="TestPakage.NestedFramePageTest" name="click_on_close" time="2.114"/>
  <testcase classname="TestPakage.NestedFramePageTest" name="click_on_practice" time="1.974"/>
  <testcase classname="TestPakage.NestedFramePageTest" name="Click_on_AlertFrameWindows" time="0.226"/>
  <testcase classname="TestPakage.NestedFramePageTest" name="Click_Nested_Frame" time="2.117"/>
  <testcase classname="TestPakage.NestedFramePageTest" name="Enter_In_Parent_Child_Frame" time="0.755"/>
</testsuite> <!-- Nasted Frame Page test -->
