<?xml version="1.0" encoding="UTF-8"?>
<!-- Generated by org.testng.reporters.JUnitXMLReporter -->
<testsuite ignored="0" hostname="Rohit_kumar" failures="0" tests="8" name="Select Menu Page test" time="19.819" errors="0" timestamp="2024-09-17T10:44:19 IST">
  <testcase classname="TestPakage.SelectMenuPageTest" name="click_on_close" time="2.089"/>
  <testcase classname="TestPakage.SelectMenuPageTest" name="click_on_practice" time="1.56"/>
  <testcase classname="TestPakage.SelectMenuPageTest" name="click_on_widget" time="0.065"/>
  <testcase classname="TestPakage.SelectMenuPageTest" name="click_on_selectmenu" time="5.093"/>
  <testcase classname="TestPakage.SelectMenuPageTest" name="select_group" time="0.145"/>
  <testcase classname="TestPakage.SelectMenuPageTest" name="Select_One" time="0.136"/>
  <testcase classname="TestPakage.SelectMenuPageTest" name="Old_Select" time="0.131"/>
  <testcase classname="TestPakage.SelectMenuPageTest" name="Multi_Select" time="5.169"/>
</testsuite> <!-- Select Menu Page test -->
