<?xml version="1.0" encoding="UTF-8"?>
<!-- Generated by org.testng.reporters.JUnitXMLReporter -->
<testsuite ignored="0" hostname="Rohit_kumar" failures="0" tests="6" name="Text Page test" time="8.504" errors="0" timestamp="2024-06-25T17:18:16 IST">
  <testcase classname="TestPakage.TextBoxPageTest" name="click_on_close" time="0.217"/>
  <testcase classname="TestPakage.TextBoxPageTest" name="click_on_practice" time="1.96"/>
  <testcase classname="TestPakage.TextBoxPageTest" name="click_on_element" time="0.088"/>
  <testcase classname="TestPakage.TextBoxPageTest" name="click_on_text_box" time="0.1"/>
  <testcase classname="TestPakage.TextBoxPageTest" name="details" time="2.206"/>
  <testcase classname="TestPakage.TextBoxPageTest" name="Copy_Details_Of_List" time="0.456"/>
</testsuite> <!-- Text Page test -->
