<?xml version="1.0" encoding="UTF-8"?>
<!-- Generated by org.testng.reporters.JUnitXMLReporter -->
<testsuite ignored="0" hostname="Rohit_kumar" failures="0" tests="5" name="ToolTips Page test" time="10.195" errors="0" timestamp="2024-06-26T00:09:28 IST">
  <testcase classname="TestPakage.ToolTipsPageTest" name="click_on_close" time="2.085"/>
  <testcase classname="TestPakage.ToolTipsPageTest" name="click_on_practice" time="1.894"/>
  <testcase classname="TestPakage.ToolTipsPageTest" name="click_on_widget" time="0.086"/>
  <testcase classname="TestPakage.ToolTipsPageTest" name="click_on_tooltips" time="2.1"/>
  <testcase classname="TestPakage.ToolTipsPageTest" name="getattribute_hover_text" time="0.242"/>
</testsuite> <!-- ToolTips Page test -->
