<?xml version="1.0" encoding="UTF-8"?>
<!-- Generated by org.testng.reporters.JUnitXMLReporter -->
<testsuite ignored="0" hostname="Rohit_kumar" failures="0" tests="5" name="Upload and Download Page test" time="18.773" errors="0" timestamp="2024-09-17T19:39:28 IST">
  <testcase classname="TestPakage.UploadAndDownloadPageTest" name="click_on_close" time="3.086"/>
  <testcase classname="TestPakage.UploadAndDownloadPageTest" name="click_on_practice" time="3.804"/>
  <testcase classname="TestPakage.UploadAndDownloadPageTest" name="click_on_element" time="0.07"/>
  <testcase classname="TestPakage.UploadAndDownloadPageTest" name="Click_On_Upload_And_Download" time="0.067"/>
  <testcase classname="TestPakage.UploadAndDownloadPageTest" name="Click_On_Choose_File" time="1.653"/>
</testsuite> <!-- Upload and Download Page test -->
