<?xml version="1.0" encoding="UTF-8"?>
<!-- Generated by org.testng.reporters.JUnitXMLReporter -->
<testsuite ignored="0" hostname="Rohit_kumar" failures="0" tests="6" name="WebTable Page test" time="19.447" errors="0" timestamp="2024-06-25T17:18:58 IST">
  <testcase classname="TestPakage.WebTablePageTest" name="click_on_close" time="5.075"/>
  <testcase classname="TestPakage.WebTablePageTest" name="click_on_practice" time="2.525"/>
  <testcase classname="TestPakage.WebTablePageTest" name="click_on_element" time="0.091"/>
  <testcase classname="TestPakage.WebTablePageTest" name="Click_On_WebTable" time="5.109"/>
  <testcase classname="TestPakage.WebTablePageTest" name="Get_Details" time="1.29"/>
  <testcase classname="TestPakage.WebTablePageTest" name="Edit_Details" time="1.91"/>
</testsuite> <!-- WebTable Page test -->
